<?xml version="1.0" encoding="UTF-8"?>
<!-- Generated by org.testng.reporters.JUnitReportReporter -->
<testsuite hostname="DESKTOP-FV8DVOK" failures="0" tests="3" name="OTUS_Test" time="6.798" errors="0" timestamp="03 июл. 2022 20:43:34 GMT" skipped="0">
  <testcase classname="OTUS_Test" name="checkFilteringCourseByName" time="1.240"/>
  <testcase classname="OTUS_Test" name="checkSelectingEarlierCourse" time="2.814"/>
  <testcase classname="OTUS_Test" name="checkSelectingLaterCourse" time="2.744"/>
</testsuite> <!-- OTUS_Test -->
