<?xml version="1.0" encoding="UTF-8"?>
<!-- Generated by org.testng.reporters.JUnitReportReporter -->
<testsuite hostname="DESKTOP-FV8DVOK" failures="0" tests="3" name="OTUS_Test" time="416.890" errors="0" timestamp="10 июл. 2022 06:45:46 GMT" skipped="0">
  <testcase classname="OTUS_Test" name="checkFilteringCourseByName" time="0.190"/>
  <testcase classname="OTUS_Test" name="checkSelectingEarlierCourse" time="223.066"/>
  <testcase classname="OTUS_Test" name="checkSelectingLaterCourse" time="193.634"/>
</testsuite> <!-- OTUS_Test -->
